<?xml version="1.0" encoding="UTF-8"?>
<!-- Generated by org.testng.reporters.JUnitReportReporter -->
<testsuite hostname="DESKTOP-BEA2ML9" failures="0" tests="1" name="com.inetbanking.testCases.TC_LoginTest_001" time="2.277" errors="0" timestamp="2022-04-12T10:23:04 IST" skipped="0">
  <testcase classname="com.inetbanking.testCases.TC_LoginTest_001" name="LoginTest" time="2.277"/>
  <system-out/>
</testsuite> <!-- com.inetbanking.testCases.TC_LoginTest_001 -->
